<?xml version="1.0" encoding="UTF-8"?>
<!-- Generated by org.testng.reporters.JUnitReportReporter -->
<testsuite skipped="0" hostname="LAPTOP-JS1ND5UI" name="connectViaWifi.LearnOrientationAndOpenNotifications" tests="1" failures="0" timestamp="2020-07-21T22:56:54 IST" time="47.540" errors="0">
  <testcase name="verifyOrientation" time="47.540" classname="connectViaWifi.LearnOrientationAndOpenNotifications"/>
</testsuite> <!-- connectViaWifi.LearnOrientationAndOpenNotifications -->
