<?xml version="1.0" encoding="UTF-8"?>
<!-- Generated by org.testng.reporters.JUnitReportReporter -->
<testsuite skipped="0" hostname="LAPTOP-JS1ND5UI" name="connectViaWifi.TouchActionPress" tests="1" failures="0" timestamp="2020-07-21T20:55:07 IST" time="59.688" errors="0">
  <testcase name="touchActionPress" time="59.688" classname="connectViaWifi.TouchActionPress"/>
</testsuite> <!-- connectViaWifi.TouchActionPress -->
