<?xml version="1.0" encoding="UTF-8"?>
<!-- Generated by org.testng.reporters.JUnitReportReporter -->
<testsuite skipped="0" hostname="LAPTOP-JS1ND5UI" name="connectViaWifi.LearnOrientation" tests="1" failures="0" timestamp="2020-07-21T22:52:32 IST" time="43.922" errors="0">
  <testcase name="verifyOrientation" time="43.922" classname="connectViaWifi.LearnOrientation"/>
</testsuite> <!-- connectViaWifi.LearnOrientation -->
