<?xml version="1.0" encoding="UTF-8"?>
<!-- Generated by org.testng.reporters.JUnitReportReporter -->
<testsuite skipped="0" hostname="LAPTOP-JS1ND5UI" name="connectViaWifi.LearnLaunchApp" tests="1" failures="0" timestamp="2020-07-21T20:36:33 IST" time="50.747" errors="0">
  <testcase name="launchMultiTesterApplication" time="50.747" classname="connectViaWifi.LearnLaunchApp"/>
</testsuite> <!-- connectViaWifi.LearnLaunchApp -->
