<?xml version="1.0" encoding="UTF-8"?>
<!-- Generated by org.testng.reporters.JUnitReportReporter -->
<testsuite skipped="0" hostname="LAPTOP-JS1ND5UI" name="leaforg.framework.SampleLaunch" tests="1" failures="0" timestamp="2020-07-15T22:52:56 IST" time="46.310" errors="0">
  <testcase name="launchLeafOrgApplication" time="46.310" classname="leaforg.framework.SampleLaunch"/>
</testsuite> <!-- leaforg.framework.SampleLaunch -->
