<?xml version="1.0" encoding="UTF-8"?>
<!-- Generated by org.testng.reporters.JUnitReportReporter -->
<testsuite skipped="0" hostname="LAPTOP-JS1ND5UI" name="connectViaWifi.PerformStartActivity" tests="1" failures="0" timestamp="2020-07-21T22:44:36 IST" time="41.275" errors="0">
  <testcase name="startAnotherApp" time="41.275" classname="connectViaWifi.PerformStartActivity"/>
</testsuite> <!-- connectViaWifi.PerformStartActivity -->
