<?xml version="1.0" encoding="UTF-8"?>
<!-- Generated by org.testng.reporters.JUnitReportReporter -->
<testsuite skipped="0" hostname="LAPTOP-JS1ND5UI" name="connectViaWifi.GetBatteryInfo" tests="1" failures="0" timestamp="2020-07-21T23:08:13 IST" time="38.617" errors="0">
  <testcase name="learnBatteryInfo" time="38.617" classname="connectViaWifi.GetBatteryInfo"/>
</testsuite> <!-- connectViaWifi.GetBatteryInfo -->
