<?xml version="1.0" encoding="UTF-8"?>
<!-- Generated by org.testng.reporters.JUnitReportReporter -->
<testsuite skipped="0" hostname="LAPTOP-JS1ND5UI" name="com.leaforg.testcases.LeafOrgAppLogin" tests="1" failures="0" timestamp="2020-07-16T21:09:42 IST" time="305.636" errors="0">
  <testcase name="loginIntoLeafOrg" time="305.636" classname="com.leaforg.testcases.LeafOrgAppLogin"/>
</testsuite> <!-- com.leaforg.testcases.LeafOrgAppLogin -->
