<?xml version="1.0" encoding="UTF-8"?>
<!-- Generated by org.testng.reporters.JUnitReportReporter -->
<testsuite skipped="0" hostname="LAPTOP-JS1ND5UI" name="connectViaWifi.LearnPointerInput" tests="1" failures="0" timestamp="2020-07-21T22:24:24 IST" time="39.256" errors="0">
  <testcase name="learnPointerInput" time="39.256" classname="connectViaWifi.LearnPointerInput"/>
</testsuite> <!-- connectViaWifi.LearnPointerInput -->
