<?xml version="1.0" encoding="UTF-8"?>
<!-- Generated by org.testng.reporters.JUnitReportReporter -->
<testsuite skipped="0" hostname="LAPTOP-JS1ND5UI" name="connectViaWifi.WifiDisabled" tests="1" failures="0" timestamp="2020-07-21T23:16:39 IST" time="67.306" errors="0">
  <testcase name="learnWifiEnabled_Disabled" time="67.306" classname="connectViaWifi.WifiDisabled"/>
</testsuite> <!-- connectViaWifi.WifiDisabled -->
