<?xml version="1.0" encoding="UTF-8"?>
<!-- Generated by org.testng.reporters.JUnitReportReporter -->
<testsuite skipped="0" hostname="LAPTOP-JS1ND5UI" name="connectViaWifi.LearnLongPressAction" tests="1" failures="0" timestamp="2020-07-21T22:37:27 IST" time="44.373" errors="0">
  <testcase name="learnLongPress" time="44.373" classname="connectViaWifi.LearnLongPressAction"/>
</testsuite> <!-- connectViaWifi.LearnLongPressAction -->
