<?xml version="1.0" encoding="UTF-8"?>
<!-- Generated by org.testng.reporters.JUnitReportReporter -->
<testsuite skipped="0" hostname="LAPTOP-JS1ND5UI" name="leaforg.framework.TestNG_LaunchAppRealDevice" tests="1" failures="0" timestamp="2020-07-15T23:04:24 IST" time="68.068" errors="0">
  <testcase name="launchLeafOrgAppInEmulator" time="68.068" classname="leaforg.framework.TestNG_LaunchAppRealDevice"/>
</testsuite> <!-- leaforg.framework.TestNG_LaunchAppRealDevice -->
