<?xml version="1.0" encoding="UTF-8"?>
<!-- Generated by org.testng.reporters.JUnitReportReporter -->
<testsuite skipped="0" hostname="LAPTOP-JS1ND5UI" name="leaforg.framework.TestNG_LaunchAppEmulator" tests="1" failures="0" timestamp="2020-07-15T23:04:24 IST" time="46.721" errors="0">
  <testcase name="launchLeafOrgAppInEmulator" time="46.721" classname="leaforg.framework.TestNG_LaunchAppEmulator"/>
</testsuite> <!-- leaforg.framework.TestNG_LaunchAppEmulator -->
